C51 COMPILER V9.60.7.0   UART                                                              01/18/2025 20:00:50 PAGE 1   


C51 COMPILER V9.60.7.0, COMPILATION OF MODULE UART
OBJECT MODULE PLACED IN .\Objects\UART.obj
COMPILER INVOKED BY: D:\collage\C51\BIN\C51.EXE UART.c OPTIMIZE(8,SPEED) BROWSE DEBUG OBJECTEXTEND PRINT(.\Listings\UART
                    -.lst) TABS(2) OBJECT(.\Objects\UART.obj)

line level    source

   1          #include "UART.h"
   2          #include <Reg52.h>
   3          char ok_Flag=0;
   4          void UART_Init(){
   5   1        TMOD = 0x20;  
   6   1        TH1 = 0xFD; 
   7   1        SCON = 0x50; 
   8   1        IE=0xA0;  
   9   1        TR1 = 1;
  10   1      }
  11          
  12          void transmit(char x)
  13          {
  14   1          SBUF = x; 
  15   1          while(TI == 0);
  16   1          TI = 0;
  17   1      }
  18          char Receive(void)
  19          {
  20   1        while(RI ==0);
  21   1        RI=0;
  22   1        return SBUF;
  23   1      }
  24          
  25          
  26          


MODULE INFORMATION:   STATIC OVERLAYABLE
   CODE SIZE        =     31    ----
   CONSTANT SIZE    =   ----    ----
   XDATA SIZE       =   ----    ----
   PDATA SIZE       =   ----    ----
   DATA SIZE        =      1    ----
   IDATA SIZE       =   ----    ----
   BIT SIZE         =   ----    ----
END OF MODULE INFORMATION.


C51 COMPILATION COMPLETE.  0 WARNING(S),  0 ERROR(S)
